<?xml version="1.0" encoding="UTF-8"?>
<testng-results skipped="0" failed="0" ignored="0" total="2" passed="2">
  <reporter-output>
  </reporter-output>
  <suite name="Default suite" duration-ms="3126" started-at="2018-08-01T17:48:23Z" finished-at="2018-08-01T17:48:26Z">
    <groups>
    </groups>
    <test name="Default test" duration-ms="3126" started-at="2018-08-01T17:48:23Z" finished-at="2018-08-01T17:48:26Z">
      <class name="TestngCngPackage.NewTest">
        <test-method status="PASS" signature="b()[pri:0, instance:TestngCngPackage.NewTest@33f88ab]" name="b" is-config="true" duration-ms="17348" started-at="2018-08-01T17:48:06Z" finished-at="2018-08-01T17:48:23Z">
          <reporter-output>
          </reporter-output>
        </test-method> <!-- b -->
        <test-method status="PASS" signature="f()[pri:0, instance:TestngCngPackage.NewTest@33f88ab]" name="f" duration-ms="2894" started-at="2018-08-01T17:48:23Z" finished-at="2018-08-01T17:48:26Z">
          <reporter-output>
          </reporter-output>
        </test-method> <!-- f -->
        <test-method status="PASS" signature="g()[pri:0, instance:TestngCngPackage.NewTest@33f88ab]" name="g" duration-ms="204" started-at="2018-08-01T17:48:26Z" finished-at="2018-08-01T17:48:26Z">
          <reporter-output>
          </reporter-output>
        </test-method> <!-- g -->
        <test-method status="PASS" signature="a()[pri:0, instance:TestngCngPackage.NewTest@33f88ab]" name="a" is-config="true" duration-ms="211" started-at="2018-08-01T17:48:26Z" finished-at="2018-08-01T17:48:26Z">
          <reporter-output>
          </reporter-output>
        </test-method> <!-- a -->
      </class> <!-- TestngCngPackage.NewTest -->
    </test> <!-- Default test -->
  </suite> <!-- Default suite -->
</testng-results>
