<?xml version="1.0" encoding="UTF-8"?>
<testng-results skipped="0" failed="0" ignored="0" total="3" passed="3">
  <reporter-output>
  </reporter-output>
  <suite name="Default suite" duration-ms="63243" started-at="2018-08-08T05:19:27Z" finished-at="2018-08-08T05:20:30Z">
    <groups>
    </groups>
    <test name="Default test" duration-ms="63243" started-at="2018-08-08T05:19:27Z" finished-at="2018-08-08T05:20:30Z">
      <class name="question4.NewTest">
        <test-method status="PASS" signature="beforemethod()[pri:0, instance:question4.NewTest@33f88ab]" name="beforemethod" is-config="true" duration-ms="4537" started-at="2018-08-08T05:19:27Z" finished-at="2018-08-08T05:19:31Z">
          <reporter-output>
          </reporter-output>
        </test-method> <!-- beforemethod -->
        <test-method status="PASS" signature="f1()[pri:0, instance:question4.NewTest@33f88ab]" name="f1" duration-ms="16209" started-at="2018-08-08T05:19:31Z" finished-at="2018-08-08T05:19:48Z">
          <reporter-output>
          </reporter-output>
        </test-method> <!-- f1 -->
        <test-method status="PASS" signature="aftermethod()[pri:0, instance:question4.NewTest@33f88ab]" name="aftermethod" is-config="true" duration-ms="188" started-at="2018-08-08T05:19:48Z" finished-at="2018-08-08T05:19:48Z">
          <reporter-output>
          </reporter-output>
        </test-method> <!-- aftermethod -->
        <test-method status="PASS" signature="beforemethod()[pri:0, instance:question4.NewTest@33f88ab]" name="beforemethod" is-config="true" duration-ms="3763" started-at="2018-08-08T05:19:48Z" finished-at="2018-08-08T05:19:51Z">
          <reporter-output>
          </reporter-output>
        </test-method> <!-- beforemethod -->
        <test-method status="PASS" signature="f2()[pri:0, instance:question4.NewTest@33f88ab]" name="f2" duration-ms="16599" started-at="2018-08-08T05:19:51Z" finished-at="2018-08-08T05:20:08Z">
          <reporter-output>
          </reporter-output>
        </test-method> <!-- f2 -->
        <test-method status="PASS" signature="aftermethod()[pri:0, instance:question4.NewTest@33f88ab]" name="aftermethod" is-config="true" duration-ms="173" started-at="2018-08-08T05:20:08Z" finished-at="2018-08-08T05:20:08Z">
          <reporter-output>
          </reporter-output>
        </test-method> <!-- aftermethod -->
        <test-method status="PASS" signature="beforemethod()[pri:0, instance:question4.NewTest@33f88ab]" name="beforemethod" is-config="true" duration-ms="3823" started-at="2018-08-08T05:20:08Z" finished-at="2018-08-08T05:20:12Z">
          <reporter-output>
          </reporter-output>
        </test-method> <!-- beforemethod -->
        <test-method status="PASS" signature="f3()[pri:0, instance:question4.NewTest@33f88ab]" name="f3" duration-ms="17580" started-at="2018-08-08T05:20:12Z" finished-at="2018-08-08T05:20:30Z">
          <reporter-output>
          </reporter-output>
        </test-method> <!-- f3 -->
        <test-method status="PASS" signature="aftermethod()[pri:0, instance:question4.NewTest@33f88ab]" name="aftermethod" is-config="true" duration-ms="330" started-at="2018-08-08T05:20:30Z" finished-at="2018-08-08T05:20:30Z">
          <reporter-output>
          </reporter-output>
        </test-method> <!-- aftermethod -->
      </class> <!-- question4.NewTest -->
    </test> <!-- Default test -->
  </suite> <!-- Default suite -->
</testng-results>
